<?xml version="1.0" encoding="utf-8"?><testsuites name="pytest tests"><testsuite name="pytest" errors="0" failures="0" skipped="0" tests="5" time="0.021" timestamp="2026-02-28T06:24:16.107869+00:00" hostname="runnervmnay03"><testcase classname="test.test_pytest" name="test_addition" time="0.001" /><testcase classname="test.test_pytest" name="test_subtraction" time="0.000" /><testcase classname="test.test_pytest" name="test_multiplication" time="0.000" /><testcase classname="test.test_pytest" name="test_division" time="0.000" /><testcase classname="test.test_pytest" name="test_factorial" time="0.000" /></testsuite></testsuites>